---------------------------------------------
Log C:\Users\adamk\Desktop\DayZSERVERSA\DayZSERVER\Profile\script_2020-04-19_14-15-03.log started at 19.04. 14:15:03

SCRIPT       : Registered 223 temporary action enum(s), UAN==223
SCRIPT    (W): @"scripts/3_Game/systems\inventory\handfsm.c,100": Missing script declaration for method 'SgNetworkService.CreateLobby'
SCRIPT    (W): @"scripts/3_Game/systems\inventory\handfsm.c,100": Missing script declaration for method 'SgNetworkService.CancelFriend'
SCRIPT    (W): @"scripts/3_Game/systems\inventory\handfsm.c,100": Missing script declaration for method 'SgNetworkService.GameServerLoadMatchInfo'
SCRIPT    (W): @"scripts/3_Game/systems\inventory\handfsm.c,100": Missing script declaration for method 'SgNetworkService.CancelSearchForMatch'
SCRIPT    (W): @"scripts/3_Game/systems\inventory\handfsm.c,100": Missing script declaration for method 'SgNetworkService.SetLobbySlot'
SCRIPT    (W): @"scripts/3_Game/systems\inventory\handfsm.c,100": Missing script declaration for method 'SgNetworkService.LeaveLobby'
SCRIPT    (W): @"scripts/3_Game/systems\inventory\handfsm.c,100": Missing script declaration for method 'SgNetworkService.DeleteLobby'
SCRIPT    (W): @"scripts/3_Game/systems\inventory\handfsm.c,100": Missing script declaration for method 'SgNetworkService.JoinLobby'
SCRIPT    (W): @"scripts/3_Game/systems\inventory\handfsm.c,100": Missing script declaration for method 'SgNetworkService.StartLobbyGame'
SCRIPT    (W): @"scripts/3_Game/systems\inventory\handfsm.c,100": Missing script declaration for method 'SgNetworkService.GameServerReadyServer'
SCRIPT    (W): @"scripts/3_Game/systems\inventory\handfsm.c,100": Missing script declaration for method 'SgNetworkService.LeaveTeam'
SCRIPT    (W): @"scripts/3_Game/systems\inventory\handfsm.c,100": Missing script declaration for method 'SgNetworkService.LoadLobbyList'
SCRIPT    (W): @"scripts/3_Game/systems\inventory\handfsm.c,100": Missing script declaration for method 'SgNetworkService.JoinTeam'
SCRIPT    (W): @"scripts/3_Game/systems\inventory\handfsm.c,100": Missing script declaration for method 'SgNetworkService.GetUserUID'
SCRIPT    (W): @"scripts/3_Game/systems\inventory\handfsm.c,100": Missing script declaration for method 'SgNetworkService.ReadyLobbyPlayer'
SCRIPT    (W): @"scripts/3_Game/systems\inventory\handfsm.c,100": Missing script declaration for method 'SgNetworkService.GetService'
SCRIPT    (W): @"scripts/3_Game/systems\inventory\handfsm.c,100": Missing script declaration for method 'SgNetworkService.GameServerFinishGame'
SCRIPT    (W): @"scripts/3_Game/systems\inventory\handfsm.c,100": Missing script declaration for method 'SgNetworkService.InviteFriend'
SCRIPT    (W): @"scripts/3_Game/systems\inventory\handfsm.c,100": Missing script declaration for method 'SgNetworkService.StartSearchForMatch'
SCRIPT    (W): @"scripts/3_Game/human.c,1030": Missing script declaration for method 'HumanCommandScript.PostPhys_LockRotation'
SCRIPT    (W): @"scripts/3_Game/human.c,284": Method not linked 'HumanAnimInterface.SetInt'
SCRIPT    (W): @"scripts/3_Game/human.c,285": Method not linked 'HumanAnimInterface.SetBool'
SCRIPT    (W): @"scripts/3_Game/human.c,280": Method not linked 'HumanAnimInterface.CallCommand'
SCRIPT    (W): @"scripts/3_Game/human.c,283": Method not linked 'HumanAnimInterface.SetFloat'
SCRIPT    (W): @"scripts/3_Game/systems\inventory\humaninventory.c,48": Method not linked 'HumanInventory.GetFirstUserReservedLocationForContainer'
SCRIPT    (W): @"scripts/3_Game/systems\inventory\humaninventory.c,9": Missing script declaration for method 'HumanInventory.FindFirstUserReservedLocationIndexForContainer'
SCRIPT    (W): @"scripts/3_Game/entities\inventoryitem.c,120": Unsafe down-casting, use 'Object.Cast' for safe down-casting
SCRIPT       : CreateGame()
SCRIPT       : ... Backlit Effects Enabled
SCRIPT    (W): @"MunghardsItems/scripts/4_world/entities\itembase\sleepingbag.c,160": Missing ';' at the end of line
SCRIPT    (W): @"MunghardsItems/scripts/4_world/entities\itembase\hazmatsuit.c,70": Missing ';' at the end of line
SCRIPT    (W): @"MunghardsItems/scripts/4_world/entities\itembase\hazmatsuit.c,76": Missing ';' at the end of line
SCRIPT    (W): @"MassTextures\scripts\4_World/rucksack.c,19": Missing ';' at the end of line
SCRIPT    (W): @"MassTextures\scripts\4_World/nbc.c,28": Missing ';' at the end of line
SCRIPT    (W): @"MassTextures\scripts\4_World/nbc.c,58": Missing ';' at the end of line
SCRIPT    (W): @"MassTextures\scripts\4_World/ratnik.c,28": Missing ';' at the end of line
SCRIPT    (W): @"Food\scripts\4_World/entities\drug.c,8": Missing ';' at the end of line
SCRIPT    (W): @"scripts/4_World/entities\dayzplayerimplement.c,27": Unsafe down-casting, use 'PlayerBase.Cast' for safe down-casting
SCRIPT    (W): @"scripts/4_World/entities\itembase.c,551": Unsafe down-casting, use 'PlayerBase.Cast' for safe down-casting
SCRIPT    (W): @"MunghardsItems/scripts/4_world/classes\useractionscomponent\actions\continuous\actionbuildmungcabin.c,34": Unsafe down-casting, use 'PlayerBase.Cast' for safe down-casting
SCRIPT    (W): @"MunghardsItems/scripts/4_world/entities\itembase\kv5.c,49": Unsafe down-casting, use 'PlayerBase.Cast' for safe down-casting
SCRIPT    (W): @"ModularVestSystem/scripts/4_World/armorrack_actiondeployobject.c,11": No need to use 'Cast' for up-casting
SCRIPT       : [LumberJack] 'LJ_Settings' found, loaded config
SCRIPT    (W): @"Scope/Scripts/5_Mission/lol.c,6": Missing ';' at the end of line
SCRIPT       : GetDeerIsleBase()...
SCRIPT       : [LI_Base] Base class created
SCRIPT       : [LumberJack] 'LJ_Settings' found, loaded config
SCRIPT       : Magazine mag = NULL
SCRIPT       : Magazine mag = NULL
SCRIPT       : Magazine mag = NULL
SCRIPT       : Magazine mag = NULL
SCRIPT       : Magazine mag = NULL
SCRIPT       : Magazine mag = NULL
SCRIPT       : Chernarus::Weather::Rain::ForceEnd:: ( 14.2523 ) 0 -> 0
SCRIPT       : childCount:33
SCRIPT       : AnimSoundObjectBuilderBank: Invalid sound set "generalgrunt_SoundVoice_Char_SoundSet".
SCRIPT       : AnimSoundObjectBuilderBank: Invalid sound set "greathelmet_generalgrunt_SoundVoice_Char_SoundSet".
SCRIPT       : AnimSoundObjectBuilderBank: Invalid sound set "Gasmask_generalgrunt_SoundVoice_Char_SoundSet".
SCRIPT       : AnimSoundObjectBuilderBank: Invalid sound set "Motohelmet_generalgrunt_SoundVoice_Char_SoundSet".
SCRIPT       : AnimSoundObjectBuilderBank: Invalid sound set "Gag_generalgrunt_SoundVoice_Char_SoundSet".
SCRIPT       : ********* LoadStats loading version: 106
SCRIPT       : LOAD checksum:948794677
SCRIPT       : ---- PlayerBase OnStoreLoad SUCCESS ----
SCRIPT       : inv: DayZPlayerImplement::OnItemInHandsChanged
SCRIPT       : [action] SurvivorM_Boris:01 started ActionMineTree<912b1360> item=Hatchet:04686
SCRIPT       : material = WoodenLog; quantity = 1
SCRIPT       : OnStartAnimationLoop
SCRIPT       : string s =    'ActionBase.c | ActionBaseCB | OnFinish called : false'
SCRIPT       : [action] SurvivorM_Boris:01 end ActionMineTree<912b1360> item=Hatchet:04686
SCRIPT       : [action] SurvivorM_Boris:01 started ActionMineTree<912b1360> item=Hatchet:04686
SCRIPT       : material = WoodenLog; quantity = 1
SCRIPT       : OnStartAnimationLoop
SCRIPT       : string s =    'ActionBase.c | ActionBaseCB | OnFinish called : false'
SCRIPT       : [action] SurvivorM_Boris:01 end ActionMineTree<912b1360> item=Hatchet:04686
SCRIPT       : [action] SurvivorM_Boris:01 started ActionMineTree<912b1360> item=Hatchet:04686
SCRIPT       : material = WoodenLog; quantity = 1
SCRIPT       : OnStartAnimationLoop
SCRIPT       : string s =    'ActionBase.c | ActionBaseCB | OnFinish called : false'
SCRIPT       : [action] SurvivorM_Boris:01 end ActionMineTree<912b1360> item=Hatchet:04686
SCRIPT       : Saving stats in version: 106
SCRIPT       : SAVE CHECKSUM:948794677
SCRIPT       : [action] SurvivorM_Boris:01 started ActionMineTree<912b1360> item=Hatchet:04686
SCRIPT       : material = WoodenLog; quantity = 1
SCRIPT       : OnStartAnimationLoop
SCRIPT       : string s =    'ActionBase.c | ActionBaseCB | OnFinish called : false'
SCRIPT       : [action] SurvivorM_Boris:01 end ActionMineTree<912b1360> item=Hatchet:04686
SCRIPT       : [action] SurvivorM_Boris:01 started ActionMineTree<912b1360> item=Hatchet:04686
SCRIPT       : material = WoodenLog; quantity = 1
SCRIPT       : OnStartAnimationLoop
SCRIPT       : string s =    'ActionBase.c | ActionBaseCB | OnFinish called : false'
SCRIPT       : [action] SurvivorM_Boris:01 end ActionMineTree<912b1360> item=Hatchet:04686
SCRIPT       : [action] SurvivorM_Boris:01 started ActionMineTree<912b1360> item=Hatchet:04686
SCRIPT       : material = WoodenLog; quantity = 1
SCRIPT       : OnStartAnimationLoop
SCRIPT       : string s =    'ActionBase.c | ActionBaseCB | OnFinish called : false'
SCRIPT       : [action] SurvivorM_Boris:01 end ActionMineTree<912b1360> item=Hatchet:04686
SCRIPT       : Chernarus::Weather::Overcast:: ( 14.2987 )  overcast: 0.345118
SCRIPT       : Chernarus::Weather::Overcast::Rain:: ( 14.2987 ) 0
SCRIPT       : Chernarus::Weather::Rain::ForceEnd:: ( 14.3022 ) 0 -> 0
SCRIPT       : [action] SurvivorM_Boris:01 end ActionDropItemSimple<912b0dc0> item=Headtorch_Grey:04409
SCRIPT       : [action] SurvivorM_Boris:01 end ActionDropItemSimple<912b0dc0> item=HeadlightH7_Box:04397
SCRIPT       : [action] SurvivorM_Boris:01 end ActionDropItemSimple<912b0dc0> item=Headtorch_Grey:04408
SCRIPT       : [action] SurvivorM_Boris:01 started ActionGetInTransport<914449f0> item=Hatchet:04686
SCRIPT       : OnVehicleSeatDriverEnter
SCRIPT       : [action] SurvivorM_Boris:01 end ActionGetInTransport<914449f0> item=Hatchet:04686
SCRIPT       : [action] SurvivorM_Boris:01 started ActionStartEngine<914c7c30> item=Hatchet:04686
SCRIPT       : OnStartAnimationLoop
SCRIPT       : string s =    'ActionBase.c | ActionBaseCB | OnFinish called : false'
SCRIPT       : [action] SurvivorM_Boris:01 end ActionStartEngine<914c7c30> item=Hatchet:04686
SCRIPT       : Chernarus::Weather::Fog:: ( 14.3184 ) 0.0822807
SCRIPT       : Saving stats in version: 106
SCRIPT       : SAVE CHECKSUM:948794677
SCRIPT       : [action] SurvivorM_Boris:01 started ActionGetOutTransport<912b9240> item=null
SCRIPT       : string s =    'ActionBase.c | ActionBaseCB | OnFinish called : false'
SCRIPT       : [action] SurvivorM_Boris:01 end ActionGetOutTransport<912b9240> item=null
SCRIPT       : OnVehicleSeatDriverLeft
SCRIPT       : [action] SurvivorM_Boris:01 started ActionOpenDoors<912b7760> item=null
SCRIPT       : string s =    'ActionBase.c | ActionBaseCB | OnFinish called : false'
SCRIPT       : [action] SurvivorM_Boris:01 end ActionOpenDoors<912b7760> item=null
SCRIPT       : [action] SurvivorM_Boris:01 started ActionGetInTransport<914449f0> item=Hatchet:04686
SCRIPT       : OnVehicleSeatDriverEnter
SCRIPT       : [action] SurvivorM_Boris:01 end ActionGetInTransport<914449f0> item=Hatchet:04686
SCRIPT       : [action] SurvivorM_Boris:01 started ActionStartEngine<914c7c30> item=Hatchet:04686
SCRIPT       : OnStartAnimationLoop
SCRIPT       : string s =    'ActionBase.c | ActionBaseCB | OnFinish called : false'
SCRIPT       : [action] SurvivorM_Boris:01 end ActionStartEngine<914c7c30> item=Hatchet:04686
SCRIPT       : [action] SurvivorM_Boris:01 started ActionGetOutTransport<912b9240> item=null
SCRIPT       : string s =    'ActionBase.c | ActionBaseCB | OnFinish called : false'
SCRIPT       : [action] SurvivorM_Boris:01 end ActionGetOutTransport<912b9240> item=null
SCRIPT       : OnVehicleSeatDriverLeft
SCRIPT       : [action] SurvivorM_Boris:01 started ActionOpenDoors<912b7760> item=null
SCRIPT       : string s =    'ActionBase.c | ActionBaseCB | OnFinish called : false'
SCRIPT       : [action] SurvivorM_Boris:01 end ActionOpenDoors<912b7760> item=null
SCRIPT       : [action] SurvivorM_Boris:01 started ActionTakeItem<912b7580> item=null
SCRIPT       : string s =    'ActionBase.c | ActionBaseCB | OnFinish called : false'
SCRIPT       : [action] SurvivorM_Boris:01 end ActionTakeItem<912b7580> item=null
SCRIPT       : [action] SurvivorM_Boris:01 started ActionGetInTransport<914449f0> item=Hatchet:04686
SCRIPT       : OnVehicleSeatDriverEnter
SCRIPT       : [action] SurvivorM_Boris:01 end ActionGetInTransport<914449f0> item=Hatchet:04686
SCRIPT       : [action] SurvivorM_Boris:01 started ActionStartEngine<914c7c30> item=Hatchet:04686
SCRIPT       : OnStartAnimationLoop
SCRIPT       : string s =    'ActionBase.c | ActionBaseCB | OnFinish called : false'
SCRIPT       : [action] SurvivorM_Boris:01 end ActionStartEngine<914c7c30> item=Hatchet:04686
SCRIPT       : [action] SurvivorM_Boris:01 started ActionGetOutTransport<912b9240> item=null
SCRIPT       : string s =    'ActionBase.c | ActionBaseCB | OnFinish called : false'
SCRIPT       : [action] SurvivorM_Boris:01 end ActionGetOutTransport<912b9240> item=null
SCRIPT       : OnVehicleSeatDriverLeft
SCRIPT       : [action] SurvivorM_Boris:01 started ActionOpenBarrel<912b5d20> item=null
SCRIPT       : string s =    'ActionBase.c | ActionBaseCB | OnFinish called : false'
SCRIPT       : [action] SurvivorM_Boris:01 end ActionOpenBarrel<912b5d20> item=null
SCRIPT       : Warning - CanFSwap #5
SCRIPT       : inv: DayZPlayerImplement::OnItemInHandsChanged
SCRIPT       : [action] SurvivorM_Boris:01 started ActionDeployObject<912b0b40> item=FenceKit:06971
SCRIPT       : OnStartAnimationLoop
SCRIPT       : string s =    'ActionBase.c | ActionBaseCB | OnFinish called : false'
SCRIPT       : [action] SurvivorM_Boris:01 end ActionDeployObject<912b0b40> item=FenceKit:06971
SCRIPT       : inv: DayZPlayerImplement::OnItemInHandsChanged
SCRIPT       : CreateCopyOfItemInInventoryOrGround - cannot create in inv, creating on gnd
SCRIPT       : Chernarus::Weather::Rain::ForceEnd:: ( 14.3522 ) 0 -> 0
SCRIPT       : inv: DayZPlayerImplement::OnItemInHandsChanged
SCRIPT       : [action] SurvivorM_Boris:01 started ActionBuildPart<912b35c0> item=Shovel:04420
SCRIPT       : OnStartAnimationLoop
SCRIPT       : string s =    'ActionBase.c | ActionBaseCB | OnFinish called : false'
SCRIPT       : [action] SurvivorM_Boris:01 end ActionBuildPart<912b35c0> item=Shovel:04420
SCRIPT       : inv: DayZPlayerImplement::OnItemInHandsChanged
SCRIPT       : Saving stats in version: 106
SCRIPT       : SAVE CHECKSUM:948794677
SCRIPT       : inv: DayZPlayerImplement::OnItemInHandsChanged
SCRIPT       : [action] SurvivorM_Boris:01 started ActionOpenDoors<912b7760> item=null
SCRIPT       : string s =    'ActionBase.c | ActionBaseCB | OnFinish called : false'
SCRIPT       : [action] SurvivorM_Boris:01 end ActionOpenDoors<912b7760> item=null
SCRIPT       : [action] SurvivorM_Boris:01 started ActionCloseDoors<912b5460> item=null
SCRIPT       : string s =    'ActionBase.c | ActionBaseCB | OnFinish called : false'
SCRIPT       : [action] SurvivorM_Boris:01 end ActionCloseDoors<912b5460> item=null
SCRIPT       : [action] SurvivorM_Boris:01 started ActionDeployObject<912b0b40> item=FenceKit:023758
SCRIPT       : OnStartAnimationLoop
SCRIPT       : string s =    'ActionBase.c | ActionBaseCB | OnFinish called : false'
SCRIPT       : [action] SurvivorM_Boris:01 end ActionDeployObject<912b0b40> item=FenceKit:023758
SCRIPT       : inv: DayZPlayerImplement::OnItemInHandsChanged
SCRIPT       : inv: DayZPlayerImplement::OnItemInHandsChanged
SCRIPT       : [action] SurvivorM_Boris:01 started ActionBuildPart<912b35c0> item=Shovel:04420
SCRIPT       : OnStartAnimationLoop
SCRIPT       : string s =    'ActionBase.c | ActionBaseCB | OnFinish called : false'
SCRIPT       : [action] SurvivorM_Boris:01 end ActionBuildPart<912b35c0> item=Shovel:04420
SCRIPT       : inv: DayZPlayerImplement::OnItemInHandsChanged
SCRIPT       : [action] SurvivorM_Boris:01 started ActionOpenDoors<912b7760> item=null
SCRIPT       : string s =    'ActionBase.c | ActionBaseCB | OnFinish called : false'
SCRIPT       : [action] SurvivorM_Boris:01 end ActionOpenDoors<912b7760> item=null
SCRIPT       : inv: DayZPlayerImplement::OnItemInHandsChanged
SCRIPT       : [action] SurvivorM_Boris:01 started ActionUnpackBox<912b3e80> item=NailBox:04422
SCRIPT       : OnStartAnimationLoop
SCRIPT       : [inv] ReplaceItemWithNewLambdaBase Step B) remove OK, loc={ type=HANDS item=NailBox:04422 parent=SurvivorM_Boris:01 }
SCRIPT       : UnboxLambda::SetupNewItem new_item=Nail<b0579b0> count=70
SCRIPT       : string s =    'ActionBase.c | ActionBaseCB | OnFinish called : false'
SCRIPT       : [action] SurvivorM_Boris:01 end ActionUnpackBox<912b3e80> item=null
SCRIPT       : inv: DayZPlayerImplement::OnItemInHandsChanged
SCRIPT       : inv: DayZPlayerImplement::OnItemInHandsChanged
SCRIPT       : Saving stats in version: 106
SCRIPT       : SAVE CHECKSUM:948794677
SCRIPT       : [action] SurvivorM_Boris:01 started ActionAttachToConstruction<c799c360> item=MetalWire:06181
SCRIPT       : inv: DayZPlayerImplement::OnItemInHandsChanged
SCRIPT       : string s =    'ActionBase.c | ActionBaseCB | OnFinish called : false'
SCRIPT       : [action] SurvivorM_Boris:01 end ActionAttachToConstruction<c799c360> item=MetalWire:06181
SCRIPT       : inv: DayZPlayerImplement::OnItemInHandsChanged
SCRIPT       : [action] SurvivorM_Boris:01 started ActionAttachToConstruction<c799c360> item=Nail:05014
SCRIPT       : inv: DayZPlayerImplement::OnItemInHandsChanged
SCRIPT       : string s =    'ActionBase.c | ActionBaseCB | OnFinish called : false'
SCRIPT       : [action] SurvivorM_Boris:01 end ActionAttachToConstruction<c799c360> item=Nail:05014
SCRIPT       : [action] SurvivorM_Boris:01 end ActionDropItemSimple<912b0dc0> item=WoodenLog:015736
SCRIPT       : inv: DayZPlayerImplement::OnItemInHandsChanged
SCRIPT       : Chernarus::Weather::Rain::ForceEnd:: ( 14.4021 ) 0 -> 0
SCRIPT       : CreateCopyOfItemInInventory - created  at loc={ type=CARGO item=null parent=MassRuckBagGreen:05035 idx=0 row=0 col=0 f=false }
SCRIPT       : CreateCopyOfItemInInventory - created  at loc={ type=CARGO item=null parent=MassRuckBagGreen:05035 idx=0 row=0 col=3 f=false }
SCRIPT       : [action] SurvivorM_Boris:01 started ActionWorldCraft<912b0f00> item=Hatchet:04686
SCRIPT       : OnStartAnimationLoop
SCRIPT       : string s =    'ActionBase.c | ActionBaseCB | OnFinish called : false'
SCRIPT       : [action] SurvivorM_Boris:01 end ActionWorldCraft<912b0f00> item=Hatchet:04686
SCRIPT       : [action] SurvivorM_Boris:01 started ActionMineTree<912b1360> item=Hatchet:04686
SCRIPT       : material = WoodenLog; quantity = 1
SCRIPT       : OnStartAnimationLoop
SCRIPT       : string s =    'ActionBase.c | ActionBaseCB | OnFinish called : false'
SCRIPT       : [action] SurvivorM_Boris:01 end ActionMineTree<912b1360> item=Hatchet:04686
SCRIPT       : [action] SurvivorM_Boris:01 started ActionMineTree<912b1360> item=Hatchet:04686
SCRIPT       : material = WoodenLog; quantity = 1
SCRIPT       : OnStartAnimationLoop
SCRIPT       : string s =    'ActionBase.c | ActionBaseCB | OnFinish called : false'
SCRIPT       : [action] SurvivorM_Boris:01 end ActionMineTree<912b1360> item=Hatchet:04686
SCRIPT       : PlayerBase.c IsQuickBarSingleUse - slot: 2
SCRIPT       : Warning - CanFSwap #5
SCRIPT       : inv: DayZPlayerImplement::OnItemInHandsChanged
SCRIPT       : Saving stats in version: 106
SCRIPT       : SAVE CHECKSUM:948794677
SCRIPT       : PlayerBase.c IsQuickBarSingleUse - slot: 1
SCRIPT       : Warning - CanFSwap #5
SCRIPT       : inv: DayZPlayerImplement::OnItemInHandsChanged
SCRIPT       : PlayerBase.c IsQuickBarSingleUse - slot: 1
SCRIPT       : PlayerBase.c IsQuickBarSingleUse - slot: 1
SCRIPT       : Chernarus::Weather::Rain::ForceEnd:: ( 14.4521 ) 0 -> 0
SCRIPT       : inv: DayZPlayerImplement::OnItemInHandsChanged
SCRIPT       : [action] SurvivorM_Boris:01 started ActionTakeItemToHands<912b5500> item=null
SCRIPT       : inv: DayZPlayerImplement::OnItemInHandsChanged
SCRIPT       : string s =    'ActionBase.c | ActionBaseCB | OnFinish called : false'
SCRIPT       : [action] SurvivorM_Boris:01 end ActionTakeItemToHands<912b5500> item=null
SCRIPT       : inv: DayZPlayerImplement::OnItemInHandsChanged
SCRIPT       : inv: DayZPlayerImplement::OnItemInHandsChanged
SCRIPT       : [action] SurvivorM_Boris:01 started ActionUnpin<c799db00> item=RGD5Grenade:06171
SCRIPT       : string s =    'ActionBase.c | ActionBaseCB | OnFinish called : false'
SCRIPT       : [action] SurvivorM_Boris:01 end ActionUnpin<c799db00> item=RGD5Grenade:06171
SCRIPT       : inv: DayZPlayerImplement::OnItemInHandsChanged
SCRIPT       : PlayerBase.c IsQuickBarSingleUse - slot: 2
SCRIPT       : inv: DayZPlayerImplement::OnItemInHandsChanged
SCRIPT       : PlayerBase.c IsQuickBarSingleUse - slot: 1
SCRIPT       : Warning - CanFSwap #5
SCRIPT       : inv: DayZPlayerImplement::OnItemInHandsChanged
SCRIPT       : Saving stats in version: 106
SCRIPT       : SAVE CHECKSUM:948794677
SCRIPT       : PlayerBase.c IsQuickBarSingleUse - slot: 1
SCRIPT       : inv: DayZPlayerImplement::OnItemInHandsChanged
SCRIPT       : PlayerBase.c IsQuickBarSingleUse - slot: 2
SCRIPT       : inv: DayZPlayerImplement::OnItemInHandsChanged
SCRIPT       : [emote] SurvivorM_Boris:01 play emote id=6 IH=M4A1:07405
SCRIPT       : [emote] SurvivorM_Boris:01 play emote id=11 IH=M4A1:07405
SCRIPT       : [emote] SurvivorM_Boris:01 play emote id=2 IH=M4A1:07405
SCRIPT       : Chernarus::Weather::Rain::ForceEnd:: ( 14.502 ) 0 -> 0
SCRIPT       : [Logout]: New player PePzZ0L1ZJUQg9Q1FfJUlXhF9cdZkFg3LM9SbwUgpMQ= with logout time 15
SCRIPT       : [emote] SurvivorM_Boris:01 play emote id=14 IH=M4A1:07405
SCRIPT       : [Logout]: Player PePzZ0L1ZJUQg9Q1FfJUlXhF9cdZkFg3LM9SbwUgpMQ= finished
SCRIPT       : Saving stats in version: 106
SCRIPT       : SAVE CHECKSUM:948794677
SCRIPT       : inv: DayZPlayerImplement::OnItemInHandsChanged
SCRIPT       : ~DayZGame()
